20-Jun-2024 20:40:25.708 INFO [main] org.apache.catalina.startup.VersionLoggerListener.log Nombre de la versión del servidor: Apache Tomcat/9.0.90
20-Jun-2024 20:40:25.710 INFO [main] org.apache.catalina.startup.VersionLoggerListener.log Server built:                      Jun 14 2024 14:45:13 UTC
20-Jun-2024 20:40:25.710 INFO [main] org.apache.catalina.startup.VersionLoggerListener.log Número de versión de servidor:     9.0.90.0
20-Jun-2024 20:40:25.711 INFO [main] org.apache.catalina.startup.VersionLoggerListener.log OS Name:                           Linux
20-Jun-2024 20:40:25.711 INFO [main] org.apache.catalina.startup.VersionLoggerListener.log Versión de Systema Operativo:      6.5.0-41-generic
20-Jun-2024 20:40:25.711 INFO [main] org.apache.catalina.startup.VersionLoggerListener.log Arquitectura:                      amd64
20-Jun-2024 20:40:25.711 INFO [main] org.apache.catalina.startup.VersionLoggerListener.log Java Home:                         /usr/lib/jvm/jdk-21-oracle-x64
20-Jun-2024 20:40:25.711 INFO [main] org.apache.catalina.startup.VersionLoggerListener.log JVM Version:                       21.0.3+7-LTS-152
20-Jun-2024 20:40:25.711 INFO [main] org.apache.catalina.startup.VersionLoggerListener.log Vededor JVM:                       Oracle Corporation
20-Jun-2024 20:40:25.711 INFO [main] org.apache.catalina.startup.VersionLoggerListener.log CATALINA_BASE:                     /home/abel/Escritorio/aprendiendo Spring/Learn-Spring/apache-tomcat-9.0.90
20-Jun-2024 20:40:25.711 INFO [main] org.apache.catalina.startup.VersionLoggerListener.log CATALINA_HOME:                     /home/abel/Escritorio/aprendiendo Spring/Learn-Spring/apache-tomcat-9.0.90
20-Jun-2024 20:40:25.716 INFO [main] org.apache.catalina.startup.VersionLoggerListener.log Command line argument:             --add-opens=java.base/java.lang=ALL-UNNAMED
20-Jun-2024 20:40:25.716 INFO [main] org.apache.catalina.startup.VersionLoggerListener.log Command line argument:             --add-opens=java.base/java.io=ALL-UNNAMED
20-Jun-2024 20:40:25.716 INFO [main] org.apache.catalina.startup.VersionLoggerListener.log Command line argument:             --add-opens=java.base/java.util=ALL-UNNAMED
20-Jun-2024 20:40:25.716 INFO [main] org.apache.catalina.startup.VersionLoggerListener.log Command line argument:             --add-opens=java.base/java.util.concurrent=ALL-UNNAMED
20-Jun-2024 20:40:25.716 INFO [main] org.apache.catalina.startup.VersionLoggerListener.log Command line argument:             --add-opens=java.rmi/sun.rmi.transport=ALL-UNNAMED
20-Jun-2024 20:40:25.716 INFO [main] org.apache.catalina.startup.VersionLoggerListener.log Command line argument:             -Djava.util.logging.config.file=/home/abel/Escritorio/aprendiendo Spring/Learn-Spring/apache-tomcat-9.0.90/conf/logging.properties
20-Jun-2024 20:40:25.716 INFO [main] org.apache.catalina.startup.VersionLoggerListener.log Command line argument:             -Djava.util.logging.manager=org.apache.juli.ClassLoaderLogManager
20-Jun-2024 20:40:25.717 INFO [main] org.apache.catalina.startup.VersionLoggerListener.log Command line argument:             -Dhttp.nonProxyHosts=localhost|127.0.0.1|pc-abel
20-Jun-2024 20:40:25.717 INFO [main] org.apache.catalina.startup.VersionLoggerListener.log Command line argument:             -Djdk.tls.ephemeralDHKeySize=2048
20-Jun-2024 20:40:25.717 INFO [main] org.apache.catalina.startup.VersionLoggerListener.log Command line argument:             -Djava.protocol.handler.pkgs=org.apache.catalina.webresources
20-Jun-2024 20:40:25.717 INFO [main] org.apache.catalina.startup.VersionLoggerListener.log Command line argument:             -Dorg.apache.catalina.security.SecurityListener.UMASK=0027
20-Jun-2024 20:40:25.717 INFO [main] org.apache.catalina.startup.VersionLoggerListener.log Command line argument:             -Dignore.endorsed.dirs=
20-Jun-2024 20:40:25.717 INFO [main] org.apache.catalina.startup.VersionLoggerListener.log Command line argument:             -Dcatalina.base=/home/abel/Escritorio/aprendiendo Spring/Learn-Spring/apache-tomcat-9.0.90
20-Jun-2024 20:40:25.717 INFO [main] org.apache.catalina.startup.VersionLoggerListener.log Command line argument:             -Dcatalina.home=/home/abel/Escritorio/aprendiendo Spring/Learn-Spring/apache-tomcat-9.0.90
20-Jun-2024 20:40:25.717 INFO [main] org.apache.catalina.startup.VersionLoggerListener.log Command line argument:             -Djava.io.tmpdir=/home/abel/Escritorio/aprendiendo Spring/Learn-Spring/apache-tomcat-9.0.90/temp
20-Jun-2024 20:40:25.719 INFO [main] org.apache.catalina.core.AprLifecycleListener.lifecycleEvent La biblioteca nativa de Apache Tomcat basada en ARP que permite un rendimiento óptimo en entornos de desarrollo no ha sido hallada en java.library.path: [/usr/java/packages/lib:/usr/lib64:/lib64:/lib:/usr/lib]
20-Jun-2024 20:40:25.953 INFO [main] org.apache.coyote.AbstractProtocol.init Inicializando el manejador de protocolo ["http-nio-8080"]

20-Jun-2024 20:40:25.971 INFO [main] org.apache.catalina.startup.Catalina.load Server initialization in [382] milliseconds
20-Jun-2024 20:40:26.011 INFO [main] org.apache.catalina.core.StandardService.startInternal Arrancando servicio [Catalina]
20-Jun-2024 20:40:26.011 INFO [main] org.apache.catalina.core.StandardEngine.startInternal Starting Servlet engine: [Apache Tomcat/9.0.90]
20-Jun-2024 20:40:26.019 INFO [main] org.apache.catalina.startup.HostConfig.deployDirectory Desplegando el directorio [/home/abel/Escritorio/aprendiendo Spring/Learn-Spring/apache-tomcat-9.0.90/webapps/host-manager] de la aplicación web
20-Jun-2024 20:40:26.296 INFO [main] org.apache.jasper.servlet.TldScanner.scanJars Al menos un JAR, que se ha explorado buscando TLDs, aún no contenía TLDs. Activar historial de depuración para este historiador para una completa lista de los JARs que fueron explorados y de los que nos se halló TLDs. Saltarse JARs no necesarios durante la exploración puede dar lugar a una mejora de tiempo significativa en el arranque y compilación de JSP .
20-Jun-2024 20:40:26.332 INFO [main] org.apache.catalina.startup.HostConfig.deployDirectory Deployment of web application directory [/home/abel/Escritorio/aprendiendo Spring/Learn-Spring/apache-tomcat-9.0.90/webapps/host-manager] has finished in [311] ms
20-Jun-2024 20:40:26.333 INFO [main] org.apache.catalina.startup.HostConfig.deployDirectory Desplegando el directorio [/home/abel/Escritorio/aprendiendo Spring/Learn-Spring/apache-tomcat-9.0.90/webapps/ROOT] de la aplicación web
20-Jun-2024 20:40:26.377 INFO [main] org.apache.jasper.servlet.TldScanner.scanJars Al menos un JAR, que se ha explorado buscando TLDs, aún no contenía TLDs. Activar historial de depuración para este historiador para una completa lista de los JARs que fueron explorados y de los que nos se halló TLDs. Saltarse JARs no necesarios durante la exploración puede dar lugar a una mejora de tiempo significativa en el arranque y compilación de JSP .
20-Jun-2024 20:40:26.378 INFO [main] org.apache.catalina.startup.HostConfig.deployDirectory Deployment of web application directory [/home/abel/Escritorio/aprendiendo Spring/Learn-Spring/apache-tomcat-9.0.90/webapps/ROOT] has finished in [45] ms
20-Jun-2024 20:40:26.378 INFO [main] org.apache.catalina.startup.HostConfig.deployDirectory Desplegando el directorio [/home/abel/Escritorio/aprendiendo Spring/Learn-Spring/apache-tomcat-9.0.90/webapps/examples] de la aplicación web
20-Jun-2024 20:40:26.486 INFO [main] org.apache.jasper.servlet.TldScanner.scanJars Al menos un JAR, que se ha explorado buscando TLDs, aún no contenía TLDs. Activar historial de depuración para este historiador para una completa lista de los JARs que fueron explorados y de los que nos se halló TLDs. Saltarse JARs no necesarios durante la exploración puede dar lugar a una mejora de tiempo significativa en el arranque y compilación de JSP .
20-Jun-2024 20:40:26.516 INFO [main] org.apache.catalina.startup.HostConfig.deployDirectory Deployment of web application directory [/home/abel/Escritorio/aprendiendo Spring/Learn-Spring/apache-tomcat-9.0.90/webapps/examples] has finished in [138] ms
20-Jun-2024 20:40:26.516 INFO [main] org.apache.catalina.startup.HostConfig.deployDirectory Desplegando el directorio [/home/abel/Escritorio/aprendiendo Spring/Learn-Spring/apache-tomcat-9.0.90/webapps/manager] de la aplicación web
20-Jun-2024 20:40:26.548 INFO [main] org.apache.jasper.servlet.TldScanner.scanJars Al menos un JAR, que se ha explorado buscando TLDs, aún no contenía TLDs. Activar historial de depuración para este historiador para una completa lista de los JARs que fueron explorados y de los que nos se halló TLDs. Saltarse JARs no necesarios durante la exploración puede dar lugar a una mejora de tiempo significativa en el arranque y compilación de JSP .
20-Jun-2024 20:40:26.554 INFO [main] org.apache.catalina.startup.HostConfig.deployDirectory Deployment of web application directory [/home/abel/Escritorio/aprendiendo Spring/Learn-Spring/apache-tomcat-9.0.90/webapps/manager] has finished in [33] ms
20-Jun-2024 20:40:26.554 INFO [main] org.apache.catalina.startup.HostConfig.deployDirectory Desplegando el directorio [/home/abel/Escritorio/aprendiendo Spring/Learn-Spring/apache-tomcat-9.0.90/webapps/docs] de la aplicación web
20-Jun-2024 20:40:26.578 INFO [main] org.apache.jasper.servlet.TldScanner.scanJars Al menos un JAR, que se ha explorado buscando TLDs, aún no contenía TLDs. Activar historial de depuración para este historiador para una completa lista de los JARs que fueron explorados y de los que nos se halló TLDs. Saltarse JARs no necesarios durante la exploración puede dar lugar a una mejora de tiempo significativa en el arranque y compilación de JSP .
20-Jun-2024 20:40:26.580 INFO [main] org.apache.catalina.startup.HostConfig.deployDirectory Deployment of web application directory [/home/abel/Escritorio/aprendiendo Spring/Learn-Spring/apache-tomcat-9.0.90/webapps/docs] has finished in [26] ms
20-Jun-2024 20:40:26.585 INFO [main] org.apache.coyote.AbstractProtocol.start Starting ProtocolHandler ["http-nio-8080"]
20-Jun-2024 20:40:26.594 INFO [main] org.apache.catalina.startup.Catalina.start Server startup in [622] milliseconds
20-Jun-2024 21:55:29.962 INFO [main] org.apache.catalina.core.StandardServer.await Se ha recibido un comando de apagado a través del puerto de apagado. Parando la instancia del Servidor.
20-Jun-2024 21:55:29.963 INFO [main] org.apache.coyote.AbstractProtocol.pause Pausing ProtocolHandler ["http-nio-8080"]
20-Jun-2024 21:55:29.963 INFO [main] org.apache.catalina.core.StandardService.stopInternal Parando servicio [Catalina]
20-Jun-2024 21:55:29.977 INFO [main] org.apache.coyote.AbstractProtocol.stop Stopping ProtocolHandler ["http-nio-8080"]
20-Jun-2024 21:55:29.986 INFO [main] org.apache.coyote.AbstractProtocol.destroy Destroying ProtocolHandler ["http-nio-8080"]
20-Jun-2024 21:57:30.710 INFO [main] org.apache.catalina.startup.VersionLoggerListener.log Nombre de la versión del servidor: Apache Tomcat/9.0.90
20-Jun-2024 21:57:30.713 INFO [main] org.apache.catalina.startup.VersionLoggerListener.log Server built:                      Jun 14 2024 14:45:13 UTC
20-Jun-2024 21:57:30.713 INFO [main] org.apache.catalina.startup.VersionLoggerListener.log Número de versión de servidor:     9.0.90.0
20-Jun-2024 21:57:30.713 INFO [main] org.apache.catalina.startup.VersionLoggerListener.log OS Name:                           Linux
20-Jun-2024 21:57:30.713 INFO [main] org.apache.catalina.startup.VersionLoggerListener.log Versión de Systema Operativo:      6.5.0-41-generic
20-Jun-2024 21:57:30.713 INFO [main] org.apache.catalina.startup.VersionLoggerListener.log Arquitectura:                      amd64
20-Jun-2024 21:57:30.713 INFO [main] org.apache.catalina.startup.VersionLoggerListener.log Java Home:                         /usr/lib/jvm/jdk-21-oracle-x64
20-Jun-2024 21:57:30.713 INFO [main] org.apache.catalina.startup.VersionLoggerListener.log JVM Version:                       21.0.3+7-LTS-152
20-Jun-2024 21:57:30.713 INFO [main] org.apache.catalina.startup.VersionLoggerListener.log Vededor JVM:                       Oracle Corporation
20-Jun-2024 21:57:30.713 INFO [main] org.apache.catalina.startup.VersionLoggerListener.log CATALINA_BASE:                     /home/abel/Escritorio/aprendiendo Spring/Learn-Spring/apache-tomcat-9.0.90
20-Jun-2024 21:57:30.713 INFO [main] org.apache.catalina.startup.VersionLoggerListener.log CATALINA_HOME:                     /home/abel/Escritorio/aprendiendo Spring/Learn-Spring/apache-tomcat-9.0.90
20-Jun-2024 21:57:30.719 INFO [main] org.apache.catalina.startup.VersionLoggerListener.log Command line argument:             --add-opens=java.base/java.lang=ALL-UNNAMED
20-Jun-2024 21:57:30.719 INFO [main] org.apache.catalina.startup.VersionLoggerListener.log Command line argument:             --add-opens=java.base/java.io=ALL-UNNAMED
20-Jun-2024 21:57:30.719 INFO [main] org.apache.catalina.startup.VersionLoggerListener.log Command line argument:             --add-opens=java.base/java.util=ALL-UNNAMED
20-Jun-2024 21:57:30.719 INFO [main] org.apache.catalina.startup.VersionLoggerListener.log Command line argument:             --add-opens=java.base/java.util.concurrent=ALL-UNNAMED
20-Jun-2024 21:57:30.719 INFO [main] org.apache.catalina.startup.VersionLoggerListener.log Command line argument:             --add-opens=java.rmi/sun.rmi.transport=ALL-UNNAMED
20-Jun-2024 21:57:30.719 INFO [main] org.apache.catalina.startup.VersionLoggerListener.log Command line argument:             -Djava.util.logging.config.file=/home/abel/Escritorio/aprendiendo Spring/Learn-Spring/apache-tomcat-9.0.90/conf/logging.properties
20-Jun-2024 21:57:30.719 INFO [main] org.apache.catalina.startup.VersionLoggerListener.log Command line argument:             -Djava.util.logging.manager=org.apache.juli.ClassLoaderLogManager
20-Jun-2024 21:57:30.720 INFO [main] org.apache.catalina.startup.VersionLoggerListener.log Command line argument:             -Dhttp.nonProxyHosts=localhost|127.0.0.1|pc-abel
20-Jun-2024 21:57:30.720 INFO [main] org.apache.catalina.startup.VersionLoggerListener.log Command line argument:             -Djdk.tls.ephemeralDHKeySize=2048
20-Jun-2024 21:57:30.720 INFO [main] org.apache.catalina.startup.VersionLoggerListener.log Command line argument:             -Djava.protocol.handler.pkgs=org.apache.catalina.webresources
20-Jun-2024 21:57:30.720 INFO [main] org.apache.catalina.startup.VersionLoggerListener.log Command line argument:             -Dorg.apache.catalina.security.SecurityListener.UMASK=0027
20-Jun-2024 21:57:30.720 INFO [main] org.apache.catalina.startup.VersionLoggerListener.log Command line argument:             -Dignore.endorsed.dirs=
20-Jun-2024 21:57:30.720 INFO [main] org.apache.catalina.startup.VersionLoggerListener.log Command line argument:             -Dcatalina.base=/home/abel/Escritorio/aprendiendo Spring/Learn-Spring/apache-tomcat-9.0.90
20-Jun-2024 21:57:30.720 INFO [main] org.apache.catalina.startup.VersionLoggerListener.log Command line argument:             -Dcatalina.home=/home/abel/Escritorio/aprendiendo Spring/Learn-Spring/apache-tomcat-9.0.90
20-Jun-2024 21:57:30.720 INFO [main] org.apache.catalina.startup.VersionLoggerListener.log Command line argument:             -Djava.io.tmpdir=/home/abel/Escritorio/aprendiendo Spring/Learn-Spring/apache-tomcat-9.0.90/temp
20-Jun-2024 21:57:30.721 INFO [main] org.apache.catalina.core.AprLifecycleListener.lifecycleEvent La biblioteca nativa de Apache Tomcat basada en ARP que permite un rendimiento óptimo en entornos de desarrollo no ha sido hallada en java.library.path: [/usr/java/packages/lib:/usr/lib64:/lib64:/lib:/usr/lib]
20-Jun-2024 21:57:30.920 INFO [main] org.apache.coyote.AbstractProtocol.init Inicializando el manejador de protocolo ["http-nio-8080"]

20-Jun-2024 21:57:30.932 INFO [main] org.apache.catalina.startup.Catalina.load Server initialization in [327] milliseconds
20-Jun-2024 21:57:30.961 INFO [main] org.apache.catalina.core.StandardService.startInternal Arrancando servicio [Catalina]
20-Jun-2024 21:57:30.961 INFO [main] org.apache.catalina.core.StandardEngine.startInternal Starting Servlet engine: [Apache Tomcat/9.0.90]
20-Jun-2024 21:57:30.965 INFO [main] org.apache.catalina.startup.HostConfig.deployDirectory Desplegando el directorio [/home/abel/Escritorio/aprendiendo Spring/Learn-Spring/apache-tomcat-9.0.90/webapps/host-manager] de la aplicación web
20-Jun-2024 21:57:31.149 INFO [main] org.apache.jasper.servlet.TldScanner.scanJars Al menos un JAR, que se ha explorado buscando TLDs, aún no contenía TLDs. Activar historial de depuración para este historiador para una completa lista de los JARs que fueron explorados y de los que nos se halló TLDs. Saltarse JARs no necesarios durante la exploración puede dar lugar a una mejora de tiempo significativa en el arranque y compilación de JSP .
20-Jun-2024 21:57:31.181 INFO [main] org.apache.catalina.startup.HostConfig.deployDirectory Deployment of web application directory [/home/abel/Escritorio/aprendiendo Spring/Learn-Spring/apache-tomcat-9.0.90/webapps/host-manager] has finished in [215] ms
20-Jun-2024 21:57:31.181 INFO [main] org.apache.catalina.startup.HostConfig.deployDirectory Desplegando el directorio [/home/abel/Escritorio/aprendiendo Spring/Learn-Spring/apache-tomcat-9.0.90/webapps/ROOT] de la aplicación web
20-Jun-2024 21:57:31.208 INFO [main] org.apache.jasper.servlet.TldScanner.scanJars Al menos un JAR, que se ha explorado buscando TLDs, aún no contenía TLDs. Activar historial de depuración para este historiador para una completa lista de los JARs que fueron explorados y de los que nos se halló TLDs. Saltarse JARs no necesarios durante la exploración puede dar lugar a una mejora de tiempo significativa en el arranque y compilación de JSP .
20-Jun-2024 21:57:31.210 INFO [main] org.apache.catalina.startup.HostConfig.deployDirectory Deployment of web application directory [/home/abel/Escritorio/aprendiendo Spring/Learn-Spring/apache-tomcat-9.0.90/webapps/ROOT] has finished in [28] ms
20-Jun-2024 21:57:31.210 INFO [main] org.apache.catalina.startup.HostConfig.deployDirectory Desplegando el directorio [/home/abel/Escritorio/aprendiendo Spring/Learn-Spring/apache-tomcat-9.0.90/webapps/examples] de la aplicación web
20-Jun-2024 21:57:31.307 INFO [main] org.apache.jasper.servlet.TldScanner.scanJars Al menos un JAR, que se ha explorado buscando TLDs, aún no contenía TLDs. Activar historial de depuración para este historiador para una completa lista de los JARs que fueron explorados y de los que nos se halló TLDs. Saltarse JARs no necesarios durante la exploración puede dar lugar a una mejora de tiempo significativa en el arranque y compilación de JSP .
20-Jun-2024 21:57:31.329 INFO [main] org.apache.catalina.startup.HostConfig.deployDirectory Deployment of web application directory [/home/abel/Escritorio/aprendiendo Spring/Learn-Spring/apache-tomcat-9.0.90/webapps/examples] has finished in [119] ms
20-Jun-2024 21:57:31.329 INFO [main] org.apache.catalina.startup.HostConfig.deployDirectory Desplegando el directorio [/home/abel/Escritorio/aprendiendo Spring/Learn-Spring/apache-tomcat-9.0.90/webapps/manager] de la aplicación web
20-Jun-2024 21:57:31.358 INFO [main] org.apache.jasper.servlet.TldScanner.scanJars Al menos un JAR, que se ha explorado buscando TLDs, aún no contenía TLDs. Activar historial de depuración para este historiador para una completa lista de los JARs que fueron explorados y de los que nos se halló TLDs. Saltarse JARs no necesarios durante la exploración puede dar lugar a una mejora de tiempo significativa en el arranque y compilación de JSP .
20-Jun-2024 21:57:31.360 INFO [main] org.apache.catalina.startup.HostConfig.deployDirectory Deployment of web application directory [/home/abel/Escritorio/aprendiendo Spring/Learn-Spring/apache-tomcat-9.0.90/webapps/manager] has finished in [30] ms
20-Jun-2024 21:57:31.360 INFO [main] org.apache.catalina.startup.HostConfig.deployDirectory Desplegando el directorio [/home/abel/Escritorio/aprendiendo Spring/Learn-Spring/apache-tomcat-9.0.90/webapps/docs] de la aplicación web
20-Jun-2024 21:57:31.383 INFO [main] org.apache.jasper.servlet.TldScanner.scanJars Al menos un JAR, que se ha explorado buscando TLDs, aún no contenía TLDs. Activar historial de depuración para este historiador para una completa lista de los JARs que fueron explorados y de los que nos se halló TLDs. Saltarse JARs no necesarios durante la exploración puede dar lugar a una mejora de tiempo significativa en el arranque y compilación de JSP .
20-Jun-2024 21:57:31.384 INFO [main] org.apache.catalina.startup.HostConfig.deployDirectory Deployment of web application directory [/home/abel/Escritorio/aprendiendo Spring/Learn-Spring/apache-tomcat-9.0.90/webapps/docs] has finished in [24] ms
20-Jun-2024 21:57:31.387 INFO [main] org.apache.coyote.AbstractProtocol.start Starting ProtocolHandler ["http-nio-8080"]
20-Jun-2024 21:57:31.398 INFO [main] org.apache.catalina.startup.Catalina.start Server startup in [465] milliseconds
20-Jun-2024 22:18:54.404 INFO [http-nio-8080-exec-6] org.apache.catalina.startup.HostConfig.deployDescriptor Desplieque del descriptor de configuración [/home/abel/Escritorio/aprendiendo Spring/Learn-Spring/apache-tomcat-9.0.90/conf/Catalina/localhost/mavenproject2.xml]
20-Jun-2024 22:18:54.405 WARNING [http-nio-8080-exec-6] org.apache.catalina.startup.HostConfig.deployDescriptor The path attribute with value [/mavenproject2] in deployment descriptor [/home/abel/Escritorio/aprendiendo Spring/Learn-Spring/apache-tomcat-9.0.90/conf/Catalina/localhost/mavenproject2.xml] has been ignored
20-Jun-2024 22:18:54.428 INFO [http-nio-8080-exec-6] org.apache.jasper.servlet.TldScanner.scanJars Al menos un JAR, que se ha explorado buscando TLDs, aún no contenía TLDs. Activar historial de depuración para este historiador para una completa lista de los JARs que fueron explorados y de los que nos se halló TLDs. Saltarse JARs no necesarios durante la exploración puede dar lugar a una mejora de tiempo significativa en el arranque y compilación de JSP .
20-Jun-2024 22:18:54.430 INFO [http-nio-8080-exec-6] org.apache.catalina.startup.HostConfig.deployDescriptor Deployment of deployment descriptor [/home/abel/Escritorio/aprendiendo Spring/Learn-Spring/apache-tomcat-9.0.90/conf/Catalina/localhost/mavenproject2.xml] has finished in [26] ms
20-Jun-2024 22:18:54.436 INFO [http-nio-8080-exec-6] org.apache.catalina.util.LifecycleBase.start The start() method was called on component [StandardEngine[Catalina].StandardHost[localhost].StandardContext[/mavenproject2]] after start() had already been called. The second call will be ignored.
20-Jun-2024 22:38:01.882 INFO [main] org.apache.catalina.core.StandardServer.await Se ha recibido un comando de apagado a través del puerto de apagado. Parando la instancia del Servidor.
20-Jun-2024 22:38:01.883 INFO [main] org.apache.coyote.AbstractProtocol.pause Pausing ProtocolHandler ["http-nio-8080"]
20-Jun-2024 22:38:01.883 INFO [main] org.apache.catalina.core.StandardService.stopInternal Parando servicio [Catalina]
20-Jun-2024 22:38:01.896 INFO [main] org.apache.coyote.AbstractProtocol.stop Stopping ProtocolHandler ["http-nio-8080"]
20-Jun-2024 22:38:01.905 INFO [main] org.apache.coyote.AbstractProtocol.destroy Destroying ProtocolHandler ["http-nio-8080"]
