26-Jun-2024 16:30:59.055 INFO [main] org.apache.catalina.startup.VersionLoggerListener.log Nombre de la versión del servidor: Apache Tomcat/9.0.90
26-Jun-2024 16:30:59.057 INFO [main] org.apache.catalina.startup.VersionLoggerListener.log Server built:                      Jun 14 2024 14:45:13 UTC
26-Jun-2024 16:30:59.057 INFO [main] org.apache.catalina.startup.VersionLoggerListener.log Número de versión de servidor:     9.0.90.0
26-Jun-2024 16:30:59.057 INFO [main] org.apache.catalina.startup.VersionLoggerListener.log OS Name:                           Linux
26-Jun-2024 16:30:59.057 INFO [main] org.apache.catalina.startup.VersionLoggerListener.log Versión de Systema Operativo:      6.5.0-41-generic
26-Jun-2024 16:30:59.057 INFO [main] org.apache.catalina.startup.VersionLoggerListener.log Arquitectura:                      amd64
26-Jun-2024 16:30:59.058 INFO [main] org.apache.catalina.startup.VersionLoggerListener.log Java Home:                         /usr/lib/jvm/jdk-21-oracle-x64
26-Jun-2024 16:30:59.058 INFO [main] org.apache.catalina.startup.VersionLoggerListener.log JVM Version:                       21.0.3+7-LTS-152
26-Jun-2024 16:30:59.058 INFO [main] org.apache.catalina.startup.VersionLoggerListener.log Vededor JVM:                       Oracle Corporation
26-Jun-2024 16:30:59.058 INFO [main] org.apache.catalina.startup.VersionLoggerListener.log CATALINA_BASE:                     /home/abel/Escritorio/aprendiendo Spring/Learn-Spring/apache-tomcat-9.0.90
26-Jun-2024 16:30:59.058 INFO [main] org.apache.catalina.startup.VersionLoggerListener.log CATALINA_HOME:                     /home/abel/Escritorio/aprendiendo Spring/Learn-Spring/apache-tomcat-9.0.90
26-Jun-2024 16:30:59.063 INFO [main] org.apache.catalina.startup.VersionLoggerListener.log Command line argument:             --add-opens=java.base/java.lang=ALL-UNNAMED
26-Jun-2024 16:30:59.063 INFO [main] org.apache.catalina.startup.VersionLoggerListener.log Command line argument:             --add-opens=java.base/java.io=ALL-UNNAMED
26-Jun-2024 16:30:59.063 INFO [main] org.apache.catalina.startup.VersionLoggerListener.log Command line argument:             --add-opens=java.base/java.util=ALL-UNNAMED
26-Jun-2024 16:30:59.063 INFO [main] org.apache.catalina.startup.VersionLoggerListener.log Command line argument:             --add-opens=java.base/java.util.concurrent=ALL-UNNAMED
26-Jun-2024 16:30:59.063 INFO [main] org.apache.catalina.startup.VersionLoggerListener.log Command line argument:             --add-opens=java.rmi/sun.rmi.transport=ALL-UNNAMED
26-Jun-2024 16:30:59.063 INFO [main] org.apache.catalina.startup.VersionLoggerListener.log Command line argument:             -Djava.util.logging.config.file=/home/abel/Escritorio/aprendiendo Spring/Learn-Spring/apache-tomcat-9.0.90/conf/logging.properties
26-Jun-2024 16:30:59.063 INFO [main] org.apache.catalina.startup.VersionLoggerListener.log Command line argument:             -Djava.util.logging.manager=org.apache.juli.ClassLoaderLogManager
26-Jun-2024 16:30:59.063 INFO [main] org.apache.catalina.startup.VersionLoggerListener.log Command line argument:             -Dhttp.nonProxyHosts=localhost|127.0.0.1|pc-abel
26-Jun-2024 16:30:59.064 INFO [main] org.apache.catalina.startup.VersionLoggerListener.log Command line argument:             -Djdk.tls.ephemeralDHKeySize=2048
26-Jun-2024 16:30:59.064 INFO [main] org.apache.catalina.startup.VersionLoggerListener.log Command line argument:             -Djava.protocol.handler.pkgs=org.apache.catalina.webresources
26-Jun-2024 16:30:59.064 INFO [main] org.apache.catalina.startup.VersionLoggerListener.log Command line argument:             -Dorg.apache.catalina.security.SecurityListener.UMASK=0027
26-Jun-2024 16:30:59.064 INFO [main] org.apache.catalina.startup.VersionLoggerListener.log Command line argument:             -Dignore.endorsed.dirs=
26-Jun-2024 16:30:59.064 INFO [main] org.apache.catalina.startup.VersionLoggerListener.log Command line argument:             -Dcatalina.base=/home/abel/Escritorio/aprendiendo Spring/Learn-Spring/apache-tomcat-9.0.90
26-Jun-2024 16:30:59.064 INFO [main] org.apache.catalina.startup.VersionLoggerListener.log Command line argument:             -Dcatalina.home=/home/abel/Escritorio/aprendiendo Spring/Learn-Spring/apache-tomcat-9.0.90
26-Jun-2024 16:30:59.064 INFO [main] org.apache.catalina.startup.VersionLoggerListener.log Command line argument:             -Djava.io.tmpdir=/home/abel/Escritorio/aprendiendo Spring/Learn-Spring/apache-tomcat-9.0.90/temp
26-Jun-2024 16:30:59.067 INFO [main] org.apache.catalina.core.AprLifecycleListener.lifecycleEvent La biblioteca nativa de Apache Tomcat basada en ARP que permite un rendimiento óptimo en entornos de desarrollo no ha sido hallada en java.library.path: [/usr/java/packages/lib:/usr/lib64:/lib64:/lib:/usr/lib]
26-Jun-2024 16:30:59.323 INFO [main] org.apache.coyote.AbstractProtocol.init Inicializando el manejador de protocolo ["http-nio-8080"]

26-Jun-2024 16:30:59.337 INFO [main] org.apache.catalina.startup.Catalina.load Server initialization in [441] milliseconds
26-Jun-2024 16:30:59.365 INFO [main] org.apache.catalina.core.StandardService.startInternal Arrancando servicio [Catalina]
26-Jun-2024 16:30:59.365 INFO [main] org.apache.catalina.core.StandardEngine.startInternal Starting Servlet engine: [Apache Tomcat/9.0.90]
26-Jun-2024 16:30:59.370 INFO [main] org.apache.catalina.startup.HostConfig.deployDescriptor Desplieque del descriptor de configuración [/home/abel/Escritorio/aprendiendo Spring/Learn-Spring/apache-tomcat-9.0.90/conf/Catalina/localhost/mavenproject2.xml]
26-Jun-2024 16:30:59.378 WARNING [main] org.apache.catalina.startup.HostConfig.deployDescriptor The path attribute with value [/mavenproject2] in deployment descriptor [/home/abel/Escritorio/aprendiendo Spring/Learn-Spring/apache-tomcat-9.0.90/conf/Catalina/localhost/mavenproject2.xml] has been ignored
26-Jun-2024 16:30:59.564 INFO [main] org.apache.jasper.servlet.TldScanner.scanJars Al menos un JAR, que se ha explorado buscando TLDs, aún no contenía TLDs. Activar historial de depuración para este historiador para una completa lista de los JARs que fueron explorados y de los que nos se halló TLDs. Saltarse JARs no necesarios durante la exploración puede dar lugar a una mejora de tiempo significativa en el arranque y compilación de JSP .
26-Jun-2024 16:30:59.594 INFO [main] org.apache.catalina.startup.HostConfig.deployDescriptor Deployment of deployment descriptor [/home/abel/Escritorio/aprendiendo Spring/Learn-Spring/apache-tomcat-9.0.90/conf/Catalina/localhost/mavenproject2.xml] has finished in [222] ms
26-Jun-2024 16:30:59.594 INFO [main] org.apache.catalina.startup.HostConfig.deployDescriptor Desplieque del descriptor de configuración [/home/abel/Escritorio/aprendiendo Spring/Learn-Spring/apache-tomcat-9.0.90/conf/Catalina/localhost/SpringMVC1.xml]
26-Jun-2024 16:30:59.594 WARNING [main] org.apache.catalina.startup.HostConfig.deployDescriptor The path attribute with value [/SpringMVC1] in deployment descriptor [/home/abel/Escritorio/aprendiendo Spring/Learn-Spring/apache-tomcat-9.0.90/conf/Catalina/localhost/SpringMVC1.xml] has been ignored
26-Jun-2024 16:30:59.597 SEVERE [main] org.apache.catalina.startup.HostConfig.deployDescriptor Error durante el despliegue del descriptor de configuración [/home/abel/Escritorio/aprendiendo Spring/Learn-Spring/apache-tomcat-9.0.90/conf/Catalina/localhost/SpringMVC1.xml]
	java.lang.IllegalStateException: Error starting child
		at org.apache.catalina.core.ContainerBase.addChildInternal(ContainerBase.java:602)
		at org.apache.catalina.core.ContainerBase.addChild(ContainerBase.java:571)
		at org.apache.catalina.core.StandardHost.addChild(StandardHost.java:603)
		at org.apache.catalina.startup.HostConfig.deployDescriptor(HostConfig.java:680)
		at org.apache.catalina.startup.HostConfig$DeployDescriptor.run(HostConfig.java:1844)
		at java.base/java.util.concurrent.Executors$RunnableAdapter.call(Executors.java:572)
		at java.base/java.util.concurrent.FutureTask.run(FutureTask.java:317)
		at org.apache.tomcat.util.threads.InlineExecutorService.execute(InlineExecutorService.java:75)
		at java.base/java.util.concurrent.AbstractExecutorService.submit(AbstractExecutorService.java:123)
		at org.apache.catalina.startup.HostConfig.deployDescriptors(HostConfig.java:575)
		at org.apache.catalina.startup.HostConfig.deployApps(HostConfig.java:466)
		at org.apache.catalina.startup.HostConfig.start(HostConfig.java:1584)
		at org.apache.catalina.startup.HostConfig.lifecycleEvent(HostConfig.java:312)
		at org.apache.catalina.util.LifecycleBase.fireLifecycleEvent(LifecycleBase.java:109)
		at org.apache.catalina.util.LifecycleBase.setStateInternal(LifecycleBase.java:385)
		at org.apache.catalina.util.LifecycleBase.setState(LifecycleBase.java:332)
		at org.apache.catalina.core.ContainerBase.startInternal(ContainerBase.java:776)
		at org.apache.catalina.core.StandardHost.startInternal(StandardHost.java:721)
		at org.apache.catalina.util.LifecycleBase.start(LifecycleBase.java:164)
		at org.apache.catalina.core.ContainerBase$StartChild.call(ContainerBase.java:1203)
		at org.apache.catalina.core.ContainerBase$StartChild.call(ContainerBase.java:1193)
		at java.base/java.util.concurrent.FutureTask.run(FutureTask.java:317)
		at org.apache.tomcat.util.threads.InlineExecutorService.execute(InlineExecutorService.java:75)
		at java.base/java.util.concurrent.AbstractExecutorService.submit(AbstractExecutorService.java:145)
		at org.apache.catalina.core.ContainerBase.startInternal(ContainerBase.java:749)
		at org.apache.catalina.core.StandardEngine.startInternal(StandardEngine.java:211)
		at org.apache.catalina.util.LifecycleBase.start(LifecycleBase.java:164)
		at org.apache.catalina.core.StandardService.startInternal(StandardService.java:415)
		at org.apache.catalina.util.LifecycleBase.start(LifecycleBase.java:164)
		at org.apache.catalina.core.StandardServer.startInternal(StandardServer.java:878)
		at org.apache.catalina.util.LifecycleBase.start(LifecycleBase.java:164)
		at org.apache.catalina.startup.Catalina.start(Catalina.java:735)
		at java.base/jdk.internal.reflect.DirectMethodHandleAccessor.invoke(DirectMethodHandleAccessor.java:103)
		at java.base/java.lang.reflect.Method.invoke(Method.java:580)
		at org.apache.catalina.startup.Bootstrap.start(Bootstrap.java:345)
		at org.apache.catalina.startup.Bootstrap.main(Bootstrap.java:473)
	Caused by: org.apache.catalina.LifecycleException: Failed to start component [org.apache.catalina.webresources.StandardRoot@3e5499cc]
		at org.apache.catalina.util.LifecycleBase.handleSubClassException(LifecycleBase.java:402)
		at org.apache.catalina.util.LifecycleBase.start(LifecycleBase.java:179)
		at org.apache.catalina.core.StandardContext.resourcesStart(StandardContext.java:4120)
		at org.apache.catalina.core.StandardContext.startInternal(StandardContext.java:4242)
		at org.apache.catalina.util.LifecycleBase.start(LifecycleBase.java:164)
		at org.apache.catalina.core.ContainerBase.addChildInternal(ContainerBase.java:599)
		... 35 more
	Caused by: java.lang.IllegalArgumentException: The main resource set specified [/home/abel/NetBeansProjects/SpringMVC1/target/SpringMVC1-1.0-SNAPSHOT] is not a directory or war file, or is not readable (it does not exist or permissions to access it are missing)
		at org.apache.catalina.webresources.StandardRoot.createMainResourceSet(StandardRoot.java:749)
		at org.apache.catalina.webresources.StandardRoot.startInternal(StandardRoot.java:707)
		at org.apache.catalina.util.LifecycleBase.start(LifecycleBase.java:164)
		... 39 more
26-Jun-2024 16:30:59.598 INFO [main] org.apache.catalina.startup.HostConfig.deployDescriptor Deployment of deployment descriptor [/home/abel/Escritorio/aprendiendo Spring/Learn-Spring/apache-tomcat-9.0.90/conf/Catalina/localhost/SpringMVC1.xml] has finished in [4] ms
26-Jun-2024 16:30:59.598 INFO [main] org.apache.catalina.startup.HostConfig.deployDirectory Desplegando el directorio [/home/abel/Escritorio/aprendiendo Spring/Learn-Spring/apache-tomcat-9.0.90/webapps/host-manager] de la aplicación web
26-Jun-2024 16:30:59.648 INFO [main] org.apache.jasper.servlet.TldScanner.scanJars Al menos un JAR, que se ha explorado buscando TLDs, aún no contenía TLDs. Activar historial de depuración para este historiador para una completa lista de los JARs que fueron explorados y de los que nos se halló TLDs. Saltarse JARs no necesarios durante la exploración puede dar lugar a una mejora de tiempo significativa en el arranque y compilación de JSP .
26-Jun-2024 16:30:59.652 INFO [main] org.apache.catalina.startup.HostConfig.deployDirectory Deployment of web application directory [/home/abel/Escritorio/aprendiendo Spring/Learn-Spring/apache-tomcat-9.0.90/webapps/host-manager] has finished in [54] ms
26-Jun-2024 16:30:59.653 INFO [main] org.apache.catalina.startup.HostConfig.deployDirectory Desplegando el directorio [/home/abel/Escritorio/aprendiendo Spring/Learn-Spring/apache-tomcat-9.0.90/webapps/ROOT] de la aplicación web
26-Jun-2024 16:30:59.695 INFO [main] org.apache.jasper.servlet.TldScanner.scanJars Al menos un JAR, que se ha explorado buscando TLDs, aún no contenía TLDs. Activar historial de depuración para este historiador para una completa lista de los JARs que fueron explorados y de los que nos se halló TLDs. Saltarse JARs no necesarios durante la exploración puede dar lugar a una mejora de tiempo significativa en el arranque y compilación de JSP .
26-Jun-2024 16:30:59.696 INFO [main] org.apache.catalina.startup.HostConfig.deployDirectory Deployment of web application directory [/home/abel/Escritorio/aprendiendo Spring/Learn-Spring/apache-tomcat-9.0.90/webapps/ROOT] has finished in [43] ms
26-Jun-2024 16:30:59.696 INFO [main] org.apache.catalina.startup.HostConfig.deployDirectory Desplegando el directorio [/home/abel/Escritorio/aprendiendo Spring/Learn-Spring/apache-tomcat-9.0.90/webapps/examples] de la aplicación web
26-Jun-2024 16:30:59.818 INFO [main] org.apache.jasper.servlet.TldScanner.scanJars Al menos un JAR, que se ha explorado buscando TLDs, aún no contenía TLDs. Activar historial de depuración para este historiador para una completa lista de los JARs que fueron explorados y de los que nos se halló TLDs. Saltarse JARs no necesarios durante la exploración puede dar lugar a una mejora de tiempo significativa en el arranque y compilación de JSP .
26-Jun-2024 16:30:59.839 INFO [main] org.apache.catalina.startup.HostConfig.deployDirectory Deployment of web application directory [/home/abel/Escritorio/aprendiendo Spring/Learn-Spring/apache-tomcat-9.0.90/webapps/examples] has finished in [143] ms
26-Jun-2024 16:30:59.840 INFO [main] org.apache.catalina.startup.HostConfig.deployDirectory Desplegando el directorio [/home/abel/Escritorio/aprendiendo Spring/Learn-Spring/apache-tomcat-9.0.90/webapps/manager] de la aplicación web
26-Jun-2024 16:30:59.877 INFO [main] org.apache.jasper.servlet.TldScanner.scanJars Al menos un JAR, que se ha explorado buscando TLDs, aún no contenía TLDs. Activar historial de depuración para este historiador para una completa lista de los JARs que fueron explorados y de los que nos se halló TLDs. Saltarse JARs no necesarios durante la exploración puede dar lugar a una mejora de tiempo significativa en el arranque y compilación de JSP .
26-Jun-2024 16:30:59.878 INFO [main] org.apache.catalina.startup.HostConfig.deployDirectory Deployment of web application directory [/home/abel/Escritorio/aprendiendo Spring/Learn-Spring/apache-tomcat-9.0.90/webapps/manager] has finished in [39] ms
26-Jun-2024 16:30:59.878 INFO [main] org.apache.catalina.startup.HostConfig.deployDirectory Desplegando el directorio [/home/abel/Escritorio/aprendiendo Spring/Learn-Spring/apache-tomcat-9.0.90/webapps/docs] de la aplicación web
26-Jun-2024 16:30:59.907 INFO [main] org.apache.jasper.servlet.TldScanner.scanJars Al menos un JAR, que se ha explorado buscando TLDs, aún no contenía TLDs. Activar historial de depuración para este historiador para una completa lista de los JARs que fueron explorados y de los que nos se halló TLDs. Saltarse JARs no necesarios durante la exploración puede dar lugar a una mejora de tiempo significativa en el arranque y compilación de JSP .
26-Jun-2024 16:30:59.908 INFO [main] org.apache.catalina.startup.HostConfig.deployDirectory Deployment of web application directory [/home/abel/Escritorio/aprendiendo Spring/Learn-Spring/apache-tomcat-9.0.90/webapps/docs] has finished in [30] ms
26-Jun-2024 16:30:59.911 INFO [main] org.apache.coyote.AbstractProtocol.start Starting ProtocolHandler ["http-nio-8080"]
26-Jun-2024 16:30:59.921 INFO [main] org.apache.catalina.startup.Catalina.start Server startup in [583] milliseconds
26-Jun-2024 16:31:02.058 INFO [http-nio-8080-exec-8] org.apache.catalina.startup.HostConfig.deployDescriptor Desplieque del descriptor de configuración [/home/abel/Escritorio/aprendiendo Spring/Learn-Spring/apache-tomcat-9.0.90/conf/Catalina/localhost/Jsp.xml]
26-Jun-2024 16:31:02.059 WARNING [http-nio-8080-exec-8] org.apache.catalina.startup.HostConfig.deployDescriptor The path attribute with value [/Jsp] in deployment descriptor [/home/abel/Escritorio/aprendiendo Spring/Learn-Spring/apache-tomcat-9.0.90/conf/Catalina/localhost/Jsp.xml] has been ignored
26-Jun-2024 16:31:02.080 INFO [http-nio-8080-exec-8] org.apache.jasper.servlet.TldScanner.scanJars Al menos un JAR, que se ha explorado buscando TLDs, aún no contenía TLDs. Activar historial de depuración para este historiador para una completa lista de los JARs que fueron explorados y de los que nos se halló TLDs. Saltarse JARs no necesarios durante la exploración puede dar lugar a una mejora de tiempo significativa en el arranque y compilación de JSP .
26-Jun-2024 16:31:02.082 INFO [http-nio-8080-exec-8] org.apache.catalina.startup.HostConfig.deployDescriptor Deployment of deployment descriptor [/home/abel/Escritorio/aprendiendo Spring/Learn-Spring/apache-tomcat-9.0.90/conf/Catalina/localhost/Jsp.xml] has finished in [24] ms
26-Jun-2024 16:31:02.089 INFO [http-nio-8080-exec-8] org.apache.catalina.util.LifecycleBase.start The start() method was called on component [StandardEngine[Catalina].StandardHost[localhost].StandardContext[/Jsp]] after start() had already been called. The second call will be ignored.
26-Jun-2024 16:31:29.813 INFO [http-nio-8080-exec-5] org.apache.catalina.startup.HostConfig.undeploy Repliegue (undeploy) de la aplicación web que tiene como trayectoria de contexto [/Jsp]
26-Jun-2024 16:31:30.325 INFO [http-nio-8080-exec-5] org.apache.catalina.startup.HostConfig.undeploy Repliegue (undeploy) de la aplicación web que tiene como trayectoria de contexto []
26-Jun-2024 16:31:30.334 INFO [http-nio-8080-exec-5] org.apache.catalina.startup.HostConfig.deployDescriptor Desplieque del descriptor de configuración [/home/abel/Escritorio/aprendiendo Spring/Learn-Spring/apache-tomcat-9.0.90/conf/Catalina/localhost/ROOT.xml]
26-Jun-2024 16:31:30.335 WARNING [http-nio-8080-exec-5] org.apache.catalina.core.StandardContext.setPath Una ruta de contexto debe de ser o una cadena vacía o comenzar con "/". La ruta [/] no cumple con estos criterios y ha sido cambiada por []
26-Jun-2024 16:31:30.335 WARNING [http-nio-8080-exec-5] org.apache.catalina.startup.HostConfig.deployDescriptor The path attribute with value [] in deployment descriptor [/home/abel/Escritorio/aprendiendo Spring/Learn-Spring/apache-tomcat-9.0.90/conf/Catalina/localhost/ROOT.xml] has been ignored
26-Jun-2024 16:31:30.366 INFO [http-nio-8080-exec-5] org.apache.jasper.servlet.TldScanner.scanJars Al menos un JAR, que se ha explorado buscando TLDs, aún no contenía TLDs. Activar historial de depuración para este historiador para una completa lista de los JARs que fueron explorados y de los que nos se halló TLDs. Saltarse JARs no necesarios durante la exploración puede dar lugar a una mejora de tiempo significativa en el arranque y compilación de JSP .
26-Jun-2024 16:31:30.368 INFO [http-nio-8080-exec-5] org.apache.catalina.startup.HostConfig.deployDescriptor Deployment of deployment descriptor [/home/abel/Escritorio/aprendiendo Spring/Learn-Spring/apache-tomcat-9.0.90/conf/Catalina/localhost/ROOT.xml] has finished in [34] ms
26-Jun-2024 16:31:30.375 INFO [http-nio-8080-exec-5] org.apache.catalina.util.LifecycleBase.start The start() method was called on component [StandardEngine[Catalina].StandardHost[localhost].StandardContext[]] after start() had already been called. The second call will be ignored.
26-Jun-2024 16:35:13.288 INFO [http-nio-8080-exec-11] org.apache.catalina.startup.HostConfig.undeploy Repliegue (undeploy) de la aplicación web que tiene como trayectoria de contexto []
26-Jun-2024 16:35:13.294 INFO [http-nio-8080-exec-11] org.apache.catalina.startup.HostConfig.deployDescriptor Desplieque del descriptor de configuración [/home/abel/Escritorio/aprendiendo Spring/Learn-Spring/apache-tomcat-9.0.90/conf/Catalina/localhost/ROOT.xml]
26-Jun-2024 16:35:13.295 WARNING [http-nio-8080-exec-11] org.apache.catalina.core.StandardContext.setPath Una ruta de contexto debe de ser o una cadena vacía o comenzar con "/". La ruta [/] no cumple con estos criterios y ha sido cambiada por []
26-Jun-2024 16:35:13.295 WARNING [http-nio-8080-exec-11] org.apache.catalina.startup.HostConfig.deployDescriptor The path attribute with value [] in deployment descriptor [/home/abel/Escritorio/aprendiendo Spring/Learn-Spring/apache-tomcat-9.0.90/conf/Catalina/localhost/ROOT.xml] has been ignored
26-Jun-2024 16:35:13.315 INFO [http-nio-8080-exec-11] org.apache.jasper.servlet.TldScanner.scanJars Al menos un JAR, que se ha explorado buscando TLDs, aún no contenía TLDs. Activar historial de depuración para este historiador para una completa lista de los JARs que fueron explorados y de los que nos se halló TLDs. Saltarse JARs no necesarios durante la exploración puede dar lugar a una mejora de tiempo significativa en el arranque y compilación de JSP .
26-Jun-2024 16:35:13.316 INFO [http-nio-8080-exec-11] org.apache.catalina.startup.HostConfig.deployDescriptor Deployment of deployment descriptor [/home/abel/Escritorio/aprendiendo Spring/Learn-Spring/apache-tomcat-9.0.90/conf/Catalina/localhost/ROOT.xml] has finished in [22] ms
26-Jun-2024 16:35:13.321 INFO [http-nio-8080-exec-11] org.apache.catalina.util.LifecycleBase.start The start() method was called on component [StandardEngine[Catalina].StandardHost[localhost].StandardContext[]] after start() had already been called. The second call will be ignored.
26-Jun-2024 16:43:10.414 INFO [Catalina-utility-2] org.apache.catalina.startup.HostConfig.reload Falló la recarga del contexto []
26-Jun-2024 16:43:10.414 INFO [Catalina-utility-2] org.apache.catalina.core.StandardContext.reload Ha comenzado la recarga de Contexto []
26-Jun-2024 16:43:10.434 INFO [Catalina-utility-2] org.apache.jasper.servlet.TldScanner.scanJars Al menos un JAR, que se ha explorado buscando TLDs, aún no contenía TLDs. Activar historial de depuración para este historiador para una completa lista de los JARs que fueron explorados y de los que nos se halló TLDs. Saltarse JARs no necesarios durante la exploración puede dar lugar a una mejora de tiempo significativa en el arranque y compilación de JSP .
26-Jun-2024 16:43:10.435 INFO [Catalina-utility-2] org.apache.catalina.core.StandardContext.reload Se ha completado la recarga de este Contexto
26-Jun-2024 16:43:34.056 INFO [http-nio-8080-exec-27] org.apache.catalina.startup.HostConfig.undeploy Repliegue (undeploy) de la aplicación web que tiene como trayectoria de contexto []
26-Jun-2024 16:43:34.065 INFO [http-nio-8080-exec-30] org.apache.catalina.startup.HostConfig.deployDescriptor Desplieque del descriptor de configuración [/home/abel/Escritorio/aprendiendo Spring/Learn-Spring/apache-tomcat-9.0.90/conf/Catalina/localhost/ROOT.xml]
26-Jun-2024 16:43:34.066 WARNING [http-nio-8080-exec-30] org.apache.catalina.core.StandardContext.setPath Una ruta de contexto debe de ser o una cadena vacía o comenzar con "/". La ruta [/] no cumple con estos criterios y ha sido cambiada por []
26-Jun-2024 16:43:34.066 WARNING [http-nio-8080-exec-30] org.apache.catalina.startup.HostConfig.deployDescriptor The path attribute with value [] in deployment descriptor [/home/abel/Escritorio/aprendiendo Spring/Learn-Spring/apache-tomcat-9.0.90/conf/Catalina/localhost/ROOT.xml] has been ignored
26-Jun-2024 16:43:34.102 INFO [http-nio-8080-exec-30] org.apache.jasper.servlet.TldScanner.scanJars Al menos un JAR, que se ha explorado buscando TLDs, aún no contenía TLDs. Activar historial de depuración para este historiador para una completa lista de los JARs que fueron explorados y de los que nos se halló TLDs. Saltarse JARs no necesarios durante la exploración puede dar lugar a una mejora de tiempo significativa en el arranque y compilación de JSP .
26-Jun-2024 16:43:34.104 INFO [http-nio-8080-exec-30] org.apache.catalina.startup.HostConfig.deployDescriptor Deployment of deployment descriptor [/home/abel/Escritorio/aprendiendo Spring/Learn-Spring/apache-tomcat-9.0.90/conf/Catalina/localhost/ROOT.xml] has finished in [38] ms
26-Jun-2024 16:43:34.110 INFO [http-nio-8080-exec-30] org.apache.catalina.util.LifecycleBase.start The start() method was called on component [StandardEngine[Catalina].StandardHost[localhost].StandardContext[]] after start() had already been called. The second call will be ignored.
26-Jun-2024 16:43:52.982 INFO [http-nio-8080-exec-31] org.apache.catalina.startup.HostConfig.undeploy Repliegue (undeploy) de la aplicación web que tiene como trayectoria de contexto []
26-Jun-2024 16:43:52.990 INFO [http-nio-8080-exec-31] org.apache.catalina.startup.HostConfig.deployDescriptor Desplieque del descriptor de configuración [/home/abel/Escritorio/aprendiendo Spring/Learn-Spring/apache-tomcat-9.0.90/conf/Catalina/localhost/ROOT.xml]
26-Jun-2024 16:43:52.990 WARNING [http-nio-8080-exec-31] org.apache.catalina.core.StandardContext.setPath Una ruta de contexto debe de ser o una cadena vacía o comenzar con "/". La ruta [/] no cumple con estos criterios y ha sido cambiada por []
26-Jun-2024 16:43:52.990 WARNING [http-nio-8080-exec-31] org.apache.catalina.startup.HostConfig.deployDescriptor The path attribute with value [] in deployment descriptor [/home/abel/Escritorio/aprendiendo Spring/Learn-Spring/apache-tomcat-9.0.90/conf/Catalina/localhost/ROOT.xml] has been ignored
26-Jun-2024 16:43:53.015 INFO [http-nio-8080-exec-31] org.apache.jasper.servlet.TldScanner.scanJars Al menos un JAR, que se ha explorado buscando TLDs, aún no contenía TLDs. Activar historial de depuración para este historiador para una completa lista de los JARs que fueron explorados y de los que nos se halló TLDs. Saltarse JARs no necesarios durante la exploración puede dar lugar a una mejora de tiempo significativa en el arranque y compilación de JSP .
26-Jun-2024 16:43:53.017 INFO [http-nio-8080-exec-31] org.apache.catalina.startup.HostConfig.deployDescriptor Deployment of deployment descriptor [/home/abel/Escritorio/aprendiendo Spring/Learn-Spring/apache-tomcat-9.0.90/conf/Catalina/localhost/ROOT.xml] has finished in [27] ms
26-Jun-2024 16:43:53.023 INFO [http-nio-8080-exec-31] org.apache.catalina.util.LifecycleBase.start The start() method was called on component [StandardEngine[Catalina].StandardHost[localhost].StandardContext[]] after start() had already been called. The second call will be ignored.
26-Jun-2024 16:50:00.484 INFO [Catalina-utility-2] org.apache.catalina.startup.HostConfig.reload Falló la recarga del contexto []
26-Jun-2024 16:50:00.484 INFO [Catalina-utility-2] org.apache.catalina.core.StandardContext.reload Ha comenzado la recarga de Contexto []
26-Jun-2024 16:50:00.513 INFO [Catalina-utility-2] org.apache.jasper.servlet.TldScanner.scanJars Al menos un JAR, que se ha explorado buscando TLDs, aún no contenía TLDs. Activar historial de depuración para este historiador para una completa lista de los JARs que fueron explorados y de los que nos se halló TLDs. Saltarse JARs no necesarios durante la exploración puede dar lugar a una mejora de tiempo significativa en el arranque y compilación de JSP .
26-Jun-2024 16:50:00.516 INFO [Catalina-utility-2] org.apache.catalina.core.StandardContext.reload Se ha completado la recarga de este Contexto
26-Jun-2024 16:50:02.041 INFO [http-nio-8080-exec-37] org.apache.catalina.startup.HostConfig.undeploy Repliegue (undeploy) de la aplicación web que tiene como trayectoria de contexto []
26-Jun-2024 16:50:02.049 INFO [http-nio-8080-exec-37] org.apache.catalina.startup.HostConfig.deployDescriptor Desplieque del descriptor de configuración [/home/abel/Escritorio/aprendiendo Spring/Learn-Spring/apache-tomcat-9.0.90/conf/Catalina/localhost/ROOT.xml]
26-Jun-2024 16:50:02.050 WARNING [http-nio-8080-exec-37] org.apache.catalina.core.StandardContext.setPath Una ruta de contexto debe de ser o una cadena vacía o comenzar con "/". La ruta [/] no cumple con estos criterios y ha sido cambiada por []
26-Jun-2024 16:50:02.050 WARNING [http-nio-8080-exec-37] org.apache.catalina.startup.HostConfig.deployDescriptor The path attribute with value [] in deployment descriptor [/home/abel/Escritorio/aprendiendo Spring/Learn-Spring/apache-tomcat-9.0.90/conf/Catalina/localhost/ROOT.xml] has been ignored
26-Jun-2024 16:50:02.078 INFO [http-nio-8080-exec-37] org.apache.jasper.servlet.TldScanner.scanJars Al menos un JAR, que se ha explorado buscando TLDs, aún no contenía TLDs. Activar historial de depuración para este historiador para una completa lista de los JARs que fueron explorados y de los que nos se halló TLDs. Saltarse JARs no necesarios durante la exploración puede dar lugar a una mejora de tiempo significativa en el arranque y compilación de JSP .
26-Jun-2024 16:50:02.080 INFO [http-nio-8080-exec-37] org.apache.catalina.startup.HostConfig.deployDescriptor Deployment of deployment descriptor [/home/abel/Escritorio/aprendiendo Spring/Learn-Spring/apache-tomcat-9.0.90/conf/Catalina/localhost/ROOT.xml] has finished in [31] ms
26-Jun-2024 16:50:02.086 INFO [http-nio-8080-exec-37] org.apache.catalina.util.LifecycleBase.start The start() method was called on component [StandardEngine[Catalina].StandardHost[localhost].StandardContext[]] after start() had already been called. The second call will be ignored.
26-Jun-2024 16:50:12.559 INFO [http-nio-8080-exec-40] org.apache.catalina.startup.HostConfig.undeploy Repliegue (undeploy) de la aplicación web que tiene como trayectoria de contexto []
26-Jun-2024 16:50:12.567 INFO [http-nio-8080-exec-45] org.apache.catalina.startup.HostConfig.deployDescriptor Desplieque del descriptor de configuración [/home/abel/Escritorio/aprendiendo Spring/Learn-Spring/apache-tomcat-9.0.90/conf/Catalina/localhost/ROOT.xml]
26-Jun-2024 16:50:12.568 WARNING [http-nio-8080-exec-45] org.apache.catalina.core.StandardContext.setPath Una ruta de contexto debe de ser o una cadena vacía o comenzar con "/". La ruta [/] no cumple con estos criterios y ha sido cambiada por []
26-Jun-2024 16:50:12.568 WARNING [http-nio-8080-exec-45] org.apache.catalina.startup.HostConfig.deployDescriptor The path attribute with value [] in deployment descriptor [/home/abel/Escritorio/aprendiendo Spring/Learn-Spring/apache-tomcat-9.0.90/conf/Catalina/localhost/ROOT.xml] has been ignored
26-Jun-2024 16:50:12.592 INFO [http-nio-8080-exec-45] org.apache.jasper.servlet.TldScanner.scanJars Al menos un JAR, que se ha explorado buscando TLDs, aún no contenía TLDs. Activar historial de depuración para este historiador para una completa lista de los JARs que fueron explorados y de los que nos se halló TLDs. Saltarse JARs no necesarios durante la exploración puede dar lugar a una mejora de tiempo significativa en el arranque y compilación de JSP .
26-Jun-2024 16:50:12.594 INFO [http-nio-8080-exec-45] org.apache.catalina.startup.HostConfig.deployDescriptor Deployment of deployment descriptor [/home/abel/Escritorio/aprendiendo Spring/Learn-Spring/apache-tomcat-9.0.90/conf/Catalina/localhost/ROOT.xml] has finished in [26] ms
26-Jun-2024 16:50:12.600 INFO [http-nio-8080-exec-45] org.apache.catalina.util.LifecycleBase.start The start() method was called on component [StandardEngine[Catalina].StandardHost[localhost].StandardContext[]] after start() had already been called. The second call will be ignored.
26-Jun-2024 16:54:40.546 INFO [Catalina-utility-1] org.apache.catalina.startup.HostConfig.reload Falló la recarga del contexto []
26-Jun-2024 16:54:40.546 INFO [Catalina-utility-1] org.apache.catalina.core.StandardContext.reload Ha comenzado la recarga de Contexto []
26-Jun-2024 16:54:40.577 INFO [Catalina-utility-1] org.apache.jasper.servlet.TldScanner.scanJars Al menos un JAR, que se ha explorado buscando TLDs, aún no contenía TLDs. Activar historial de depuración para este historiador para una completa lista de los JARs que fueron explorados y de los que nos se halló TLDs. Saltarse JARs no necesarios durante la exploración puede dar lugar a una mejora de tiempo significativa en el arranque y compilación de JSP .
26-Jun-2024 16:54:40.578 INFO [Catalina-utility-1] org.apache.catalina.core.StandardContext.reload Se ha completado la recarga de este Contexto
26-Jun-2024 17:05:18.960 INFO [http-nio-8080-exec-59] org.apache.catalina.startup.HostConfig.undeploy Repliegue (undeploy) de la aplicación web que tiene como trayectoria de contexto []
26-Jun-2024 17:05:18.969 INFO [http-nio-8080-exec-55] org.apache.catalina.startup.HostConfig.deployDescriptor Desplieque del descriptor de configuración [/home/abel/Escritorio/aprendiendo Spring/Learn-Spring/apache-tomcat-9.0.90/conf/Catalina/localhost/ROOT.xml]
26-Jun-2024 17:05:18.969 WARNING [http-nio-8080-exec-55] org.apache.catalina.core.StandardContext.setPath Una ruta de contexto debe de ser o una cadena vacía o comenzar con "/". La ruta [/] no cumple con estos criterios y ha sido cambiada por []
26-Jun-2024 17:05:18.969 WARNING [http-nio-8080-exec-55] org.apache.catalina.startup.HostConfig.deployDescriptor The path attribute with value [] in deployment descriptor [/home/abel/Escritorio/aprendiendo Spring/Learn-Spring/apache-tomcat-9.0.90/conf/Catalina/localhost/ROOT.xml] has been ignored
26-Jun-2024 17:05:18.992 INFO [http-nio-8080-exec-55] org.apache.jasper.servlet.TldScanner.scanJars Al menos un JAR, que se ha explorado buscando TLDs, aún no contenía TLDs. Activar historial de depuración para este historiador para una completa lista de los JARs que fueron explorados y de los que nos se halló TLDs. Saltarse JARs no necesarios durante la exploración puede dar lugar a una mejora de tiempo significativa en el arranque y compilación de JSP .
26-Jun-2024 17:05:18.993 INFO [http-nio-8080-exec-55] org.apache.catalina.startup.HostConfig.deployDescriptor Deployment of deployment descriptor [/home/abel/Escritorio/aprendiendo Spring/Learn-Spring/apache-tomcat-9.0.90/conf/Catalina/localhost/ROOT.xml] has finished in [24] ms
26-Jun-2024 17:05:18.999 INFO [http-nio-8080-exec-55] org.apache.catalina.util.LifecycleBase.start The start() method was called on component [StandardEngine[Catalina].StandardHost[localhost].StandardContext[]] after start() had already been called. The second call will be ignored.
26-Jun-2024 17:11:51.693 INFO [http-nio-8080-exec-64] org.apache.catalina.startup.HostConfig.undeploy Repliegue (undeploy) de la aplicación web que tiene como trayectoria de contexto []
26-Jun-2024 17:11:51.702 INFO [http-nio-8080-exec-68] org.apache.catalina.startup.HostConfig.deployDescriptor Desplieque del descriptor de configuración [/home/abel/Escritorio/aprendiendo Spring/Learn-Spring/apache-tomcat-9.0.90/conf/Catalina/localhost/ROOT.xml]
26-Jun-2024 17:11:51.703 WARNING [http-nio-8080-exec-68] org.apache.catalina.core.StandardContext.setPath Una ruta de contexto debe de ser o una cadena vacía o comenzar con "/". La ruta [/] no cumple con estos criterios y ha sido cambiada por []
26-Jun-2024 17:11:51.703 WARNING [http-nio-8080-exec-68] org.apache.catalina.startup.HostConfig.deployDescriptor The path attribute with value [] in deployment descriptor [/home/abel/Escritorio/aprendiendo Spring/Learn-Spring/apache-tomcat-9.0.90/conf/Catalina/localhost/ROOT.xml] has been ignored
26-Jun-2024 17:11:51.731 INFO [http-nio-8080-exec-68] org.apache.jasper.servlet.TldScanner.scanJars Al menos un JAR, que se ha explorado buscando TLDs, aún no contenía TLDs. Activar historial de depuración para este historiador para una completa lista de los JARs que fueron explorados y de los que nos se halló TLDs. Saltarse JARs no necesarios durante la exploración puede dar lugar a una mejora de tiempo significativa en el arranque y compilación de JSP .
26-Jun-2024 17:11:51.732 INFO [http-nio-8080-exec-68] org.apache.catalina.startup.HostConfig.deployDescriptor Deployment of deployment descriptor [/home/abel/Escritorio/aprendiendo Spring/Learn-Spring/apache-tomcat-9.0.90/conf/Catalina/localhost/ROOT.xml] has finished in [30] ms
26-Jun-2024 17:11:51.737 INFO [http-nio-8080-exec-68] org.apache.catalina.util.LifecycleBase.start The start() method was called on component [StandardEngine[Catalina].StandardHost[localhost].StandardContext[]] after start() had already been called. The second call will be ignored.
26-Jun-2024 17:50:00.774 INFO [http-nio-8080-exec-81] org.apache.catalina.startup.HostConfig.undeploy Repliegue (undeploy) de la aplicación web que tiene como trayectoria de contexto []
26-Jun-2024 17:50:00.783 INFO [http-nio-8080-exec-82] org.apache.catalina.startup.HostConfig.deployDescriptor Desplieque del descriptor de configuración [/home/abel/Escritorio/aprendiendo Spring/Learn-Spring/apache-tomcat-9.0.90/conf/Catalina/localhost/ROOT.xml]
26-Jun-2024 17:50:00.783 WARNING [http-nio-8080-exec-82] org.apache.catalina.core.StandardContext.setPath Una ruta de contexto debe de ser o una cadena vacía o comenzar con "/". La ruta [/] no cumple con estos criterios y ha sido cambiada por []
26-Jun-2024 17:50:00.784 WARNING [http-nio-8080-exec-82] org.apache.catalina.startup.HostConfig.deployDescriptor The path attribute with value [] in deployment descriptor [/home/abel/Escritorio/aprendiendo Spring/Learn-Spring/apache-tomcat-9.0.90/conf/Catalina/localhost/ROOT.xml] has been ignored
26-Jun-2024 17:50:00.816 INFO [http-nio-8080-exec-82] org.apache.jasper.servlet.TldScanner.scanJars Al menos un JAR, que se ha explorado buscando TLDs, aún no contenía TLDs. Activar historial de depuración para este historiador para una completa lista de los JARs que fueron explorados y de los que nos se halló TLDs. Saltarse JARs no necesarios durante la exploración puede dar lugar a una mejora de tiempo significativa en el arranque y compilación de JSP .
26-Jun-2024 17:50:00.818 INFO [http-nio-8080-exec-82] org.apache.catalina.startup.HostConfig.deployDescriptor Deployment of deployment descriptor [/home/abel/Escritorio/aprendiendo Spring/Learn-Spring/apache-tomcat-9.0.90/conf/Catalina/localhost/ROOT.xml] has finished in [35] ms
26-Jun-2024 17:50:00.824 INFO [http-nio-8080-exec-82] org.apache.catalina.util.LifecycleBase.start The start() method was called on component [StandardEngine[Catalina].StandardHost[localhost].StandardContext[]] after start() had already been called. The second call will be ignored.
26-Jun-2024 17:51:46.268 INFO [http-nio-8080-exec-86] org.apache.catalina.startup.HostConfig.undeploy Repliegue (undeploy) de la aplicación web que tiene como trayectoria de contexto []
26-Jun-2024 17:51:46.275 INFO [http-nio-8080-exec-85] org.apache.catalina.startup.HostConfig.deployDescriptor Desplieque del descriptor de configuración [/home/abel/Escritorio/aprendiendo Spring/Learn-Spring/apache-tomcat-9.0.90/conf/Catalina/localhost/ROOT.xml]
26-Jun-2024 17:51:46.276 WARNING [http-nio-8080-exec-85] org.apache.catalina.core.StandardContext.setPath Una ruta de contexto debe de ser o una cadena vacía o comenzar con "/". La ruta [/] no cumple con estos criterios y ha sido cambiada por []
26-Jun-2024 17:51:46.276 WARNING [http-nio-8080-exec-85] org.apache.catalina.startup.HostConfig.deployDescriptor The path attribute with value [] in deployment descriptor [/home/abel/Escritorio/aprendiendo Spring/Learn-Spring/apache-tomcat-9.0.90/conf/Catalina/localhost/ROOT.xml] has been ignored
26-Jun-2024 17:51:46.302 INFO [http-nio-8080-exec-85] org.apache.jasper.servlet.TldScanner.scanJars Al menos un JAR, que se ha explorado buscando TLDs, aún no contenía TLDs. Activar historial de depuración para este historiador para una completa lista de los JARs que fueron explorados y de los que nos se halló TLDs. Saltarse JARs no necesarios durante la exploración puede dar lugar a una mejora de tiempo significativa en el arranque y compilación de JSP .
26-Jun-2024 17:51:46.303 INFO [http-nio-8080-exec-85] org.apache.catalina.startup.HostConfig.deployDescriptor Deployment of deployment descriptor [/home/abel/Escritorio/aprendiendo Spring/Learn-Spring/apache-tomcat-9.0.90/conf/Catalina/localhost/ROOT.xml] has finished in [28] ms
26-Jun-2024 17:51:46.308 INFO [http-nio-8080-exec-85] org.apache.catalina.util.LifecycleBase.start The start() method was called on component [StandardEngine[Catalina].StandardHost[localhost].StandardContext[]] after start() had already been called. The second call will be ignored.
26-Jun-2024 18:24:31.954 INFO [http-nio-8080-exec-95] org.apache.catalina.startup.HostConfig.undeploy Repliegue (undeploy) de la aplicación web que tiene como trayectoria de contexto []
26-Jun-2024 18:24:31.962 INFO [http-nio-8080-exec-97] org.apache.catalina.startup.HostConfig.deployDescriptor Desplieque del descriptor de configuración [/home/abel/Escritorio/aprendiendo Spring/Learn-Spring/apache-tomcat-9.0.90/conf/Catalina/localhost/ROOT.xml]
26-Jun-2024 18:24:31.963 WARNING [http-nio-8080-exec-97] org.apache.catalina.core.StandardContext.setPath Una ruta de contexto debe de ser o una cadena vacía o comenzar con "/". La ruta [/] no cumple con estos criterios y ha sido cambiada por []
26-Jun-2024 18:24:31.963 WARNING [http-nio-8080-exec-97] org.apache.catalina.startup.HostConfig.deployDescriptor The path attribute with value [] in deployment descriptor [/home/abel/Escritorio/aprendiendo Spring/Learn-Spring/apache-tomcat-9.0.90/conf/Catalina/localhost/ROOT.xml] has been ignored
26-Jun-2024 18:24:31.990 INFO [http-nio-8080-exec-97] org.apache.jasper.servlet.TldScanner.scanJars Al menos un JAR, que se ha explorado buscando TLDs, aún no contenía TLDs. Activar historial de depuración para este historiador para una completa lista de los JARs que fueron explorados y de los que nos se halló TLDs. Saltarse JARs no necesarios durante la exploración puede dar lugar a una mejora de tiempo significativa en el arranque y compilación de JSP .
26-Jun-2024 18:24:31.992 INFO [http-nio-8080-exec-97] org.apache.catalina.startup.HostConfig.deployDescriptor Deployment of deployment descriptor [/home/abel/Escritorio/aprendiendo Spring/Learn-Spring/apache-tomcat-9.0.90/conf/Catalina/localhost/ROOT.xml] has finished in [29] ms
26-Jun-2024 18:24:31.996 INFO [http-nio-8080-exec-97] org.apache.catalina.util.LifecycleBase.start The start() method was called on component [StandardEngine[Catalina].StandardHost[localhost].StandardContext[]] after start() had already been called. The second call will be ignored.
26-Jun-2024 19:52:37.483 INFO [http-nio-8080-exec-103] org.apache.catalina.startup.HostConfig.undeploy Repliegue (undeploy) de la aplicación web que tiene como trayectoria de contexto []
26-Jun-2024 19:52:37.490 INFO [http-nio-8080-exec-110] org.apache.catalina.startup.HostConfig.deployDescriptor Desplieque del descriptor de configuración [/home/abel/Escritorio/aprendiendo Spring/Learn-Spring/apache-tomcat-9.0.90/conf/Catalina/localhost/ROOT.xml]
26-Jun-2024 19:52:37.491 WARNING [http-nio-8080-exec-110] org.apache.catalina.core.StandardContext.setPath Una ruta de contexto debe de ser o una cadena vacía o comenzar con "/". La ruta [/] no cumple con estos criterios y ha sido cambiada por []
26-Jun-2024 19:52:37.491 WARNING [http-nio-8080-exec-110] org.apache.catalina.startup.HostConfig.deployDescriptor The path attribute with value [] in deployment descriptor [/home/abel/Escritorio/aprendiendo Spring/Learn-Spring/apache-tomcat-9.0.90/conf/Catalina/localhost/ROOT.xml] has been ignored
26-Jun-2024 19:52:37.507 INFO [http-nio-8080-exec-110] org.apache.jasper.servlet.TldScanner.scanJars Al menos un JAR, que se ha explorado buscando TLDs, aún no contenía TLDs. Activar historial de depuración para este historiador para una completa lista de los JARs que fueron explorados y de los que nos se halló TLDs. Saltarse JARs no necesarios durante la exploración puede dar lugar a una mejora de tiempo significativa en el arranque y compilación de JSP .
26-Jun-2024 19:52:37.508 INFO [http-nio-8080-exec-110] org.apache.catalina.startup.HostConfig.deployDescriptor Deployment of deployment descriptor [/home/abel/Escritorio/aprendiendo Spring/Learn-Spring/apache-tomcat-9.0.90/conf/Catalina/localhost/ROOT.xml] has finished in [17] ms
26-Jun-2024 19:52:37.512 INFO [http-nio-8080-exec-110] org.apache.catalina.util.LifecycleBase.start The start() method was called on component [StandardEngine[Catalina].StandardHost[localhost].StandardContext[]] after start() had already been called. The second call will be ignored.
26-Jun-2024 20:06:10.871 INFO [main] org.apache.catalina.core.StandardServer.await Se ha recibido un comando de apagado a través del puerto de apagado. Parando la instancia del Servidor.
26-Jun-2024 20:06:10.871 INFO [main] org.apache.coyote.AbstractProtocol.pause Pausing ProtocolHandler ["http-nio-8080"]
26-Jun-2024 20:06:10.872 INFO [main] org.apache.catalina.core.StandardService.stopInternal Parando servicio [Catalina]
26-Jun-2024 20:06:10.880 INFO [main] org.apache.coyote.AbstractProtocol.stop Stopping ProtocolHandler ["http-nio-8080"]
26-Jun-2024 20:06:10.883 INFO [main] org.apache.coyote.AbstractProtocol.destroy Destroying ProtocolHandler ["http-nio-8080"]
