25-Jun-2024 17:24:26.437 INFO [main] org.apache.catalina.startup.VersionLoggerListener.log Nombre de la versión del servidor: Apache Tomcat/9.0.90
25-Jun-2024 17:24:26.439 INFO [main] org.apache.catalina.startup.VersionLoggerListener.log Server built:                      Jun 14 2024 14:45:13 UTC
25-Jun-2024 17:24:26.439 INFO [main] org.apache.catalina.startup.VersionLoggerListener.log Número de versión de servidor:     9.0.90.0
25-Jun-2024 17:24:26.439 INFO [main] org.apache.catalina.startup.VersionLoggerListener.log OS Name:                           Linux
25-Jun-2024 17:24:26.440 INFO [main] org.apache.catalina.startup.VersionLoggerListener.log Versión de Systema Operativo:      6.5.0-41-generic
25-Jun-2024 17:24:26.440 INFO [main] org.apache.catalina.startup.VersionLoggerListener.log Arquitectura:                      amd64
25-Jun-2024 17:24:26.440 INFO [main] org.apache.catalina.startup.VersionLoggerListener.log Java Home:                         /usr/lib/jvm/jdk-21-oracle-x64
25-Jun-2024 17:24:26.440 INFO [main] org.apache.catalina.startup.VersionLoggerListener.log JVM Version:                       21.0.3+7-LTS-152
25-Jun-2024 17:24:26.440 INFO [main] org.apache.catalina.startup.VersionLoggerListener.log Vededor JVM:                       Oracle Corporation
25-Jun-2024 17:24:26.440 INFO [main] org.apache.catalina.startup.VersionLoggerListener.log CATALINA_BASE:                     /home/abel/Escritorio/aprendiendo Spring/Learn-Spring/apache-tomcat-9.0.90
25-Jun-2024 17:24:26.440 INFO [main] org.apache.catalina.startup.VersionLoggerListener.log CATALINA_HOME:                     /home/abel/Escritorio/aprendiendo Spring/Learn-Spring/apache-tomcat-9.0.90
25-Jun-2024 17:24:26.445 INFO [main] org.apache.catalina.startup.VersionLoggerListener.log Command line argument:             --add-opens=java.base/java.lang=ALL-UNNAMED
25-Jun-2024 17:24:26.445 INFO [main] org.apache.catalina.startup.VersionLoggerListener.log Command line argument:             --add-opens=java.base/java.io=ALL-UNNAMED
25-Jun-2024 17:24:26.445 INFO [main] org.apache.catalina.startup.VersionLoggerListener.log Command line argument:             --add-opens=java.base/java.util=ALL-UNNAMED
25-Jun-2024 17:24:26.445 INFO [main] org.apache.catalina.startup.VersionLoggerListener.log Command line argument:             --add-opens=java.base/java.util.concurrent=ALL-UNNAMED
25-Jun-2024 17:24:26.446 INFO [main] org.apache.catalina.startup.VersionLoggerListener.log Command line argument:             --add-opens=java.rmi/sun.rmi.transport=ALL-UNNAMED
25-Jun-2024 17:24:26.446 INFO [main] org.apache.catalina.startup.VersionLoggerListener.log Command line argument:             -Djava.util.logging.config.file=/home/abel/Escritorio/aprendiendo Spring/Learn-Spring/apache-tomcat-9.0.90/conf/logging.properties
25-Jun-2024 17:24:26.446 INFO [main] org.apache.catalina.startup.VersionLoggerListener.log Command line argument:             -Djava.util.logging.manager=org.apache.juli.ClassLoaderLogManager
25-Jun-2024 17:24:26.446 INFO [main] org.apache.catalina.startup.VersionLoggerListener.log Command line argument:             -Dhttp.nonProxyHosts=localhost|127.0.0.1|pc-abel
25-Jun-2024 17:24:26.446 INFO [main] org.apache.catalina.startup.VersionLoggerListener.log Command line argument:             -Djdk.tls.ephemeralDHKeySize=2048
25-Jun-2024 17:24:26.446 INFO [main] org.apache.catalina.startup.VersionLoggerListener.log Command line argument:             -Djava.protocol.handler.pkgs=org.apache.catalina.webresources
25-Jun-2024 17:24:26.446 INFO [main] org.apache.catalina.startup.VersionLoggerListener.log Command line argument:             -Dorg.apache.catalina.security.SecurityListener.UMASK=0027
25-Jun-2024 17:24:26.446 INFO [main] org.apache.catalina.startup.VersionLoggerListener.log Command line argument:             -Dignore.endorsed.dirs=
25-Jun-2024 17:24:26.446 INFO [main] org.apache.catalina.startup.VersionLoggerListener.log Command line argument:             -Dcatalina.base=/home/abel/Escritorio/aprendiendo Spring/Learn-Spring/apache-tomcat-9.0.90
25-Jun-2024 17:24:26.446 INFO [main] org.apache.catalina.startup.VersionLoggerListener.log Command line argument:             -Dcatalina.home=/home/abel/Escritorio/aprendiendo Spring/Learn-Spring/apache-tomcat-9.0.90
25-Jun-2024 17:24:26.446 INFO [main] org.apache.catalina.startup.VersionLoggerListener.log Command line argument:             -Djava.io.tmpdir=/home/abel/Escritorio/aprendiendo Spring/Learn-Spring/apache-tomcat-9.0.90/temp
25-Jun-2024 17:24:26.447 INFO [main] org.apache.catalina.core.AprLifecycleListener.lifecycleEvent La biblioteca nativa de Apache Tomcat basada en ARP que permite un rendimiento óptimo en entornos de desarrollo no ha sido hallada en java.library.path: [/usr/java/packages/lib:/usr/lib64:/lib64:/lib:/usr/lib]
25-Jun-2024 17:24:26.646 INFO [main] org.apache.coyote.AbstractProtocol.init Inicializando el manejador de protocolo ["http-nio-8080"]

25-Jun-2024 17:24:26.658 INFO [main] org.apache.catalina.startup.Catalina.load Server initialization in [335] milliseconds
25-Jun-2024 17:24:26.682 INFO [main] org.apache.catalina.core.StandardService.startInternal Arrancando servicio [Catalina]
25-Jun-2024 17:24:26.682 INFO [main] org.apache.catalina.core.StandardEngine.startInternal Starting Servlet engine: [Apache Tomcat/9.0.90]
25-Jun-2024 17:24:26.686 INFO [main] org.apache.catalina.startup.HostConfig.deployDescriptor Desplieque del descriptor de configuración [/home/abel/Escritorio/aprendiendo Spring/Learn-Spring/apache-tomcat-9.0.90/conf/Catalina/localhost/mavenproject2.xml]
25-Jun-2024 17:24:26.693 WARNING [main] org.apache.catalina.startup.HostConfig.deployDescriptor The path attribute with value [/mavenproject2] in deployment descriptor [/home/abel/Escritorio/aprendiendo Spring/Learn-Spring/apache-tomcat-9.0.90/conf/Catalina/localhost/mavenproject2.xml] has been ignored
25-Jun-2024 17:24:26.880 INFO [main] org.apache.jasper.servlet.TldScanner.scanJars Al menos un JAR, que se ha explorado buscando TLDs, aún no contenía TLDs. Activar historial de depuración para este historiador para una completa lista de los JARs que fueron explorados y de los que nos se halló TLDs. Saltarse JARs no necesarios durante la exploración puede dar lugar a una mejora de tiempo significativa en el arranque y compilación de JSP .
25-Jun-2024 17:24:26.908 INFO [main] org.apache.catalina.startup.HostConfig.deployDescriptor Deployment of deployment descriptor [/home/abel/Escritorio/aprendiendo Spring/Learn-Spring/apache-tomcat-9.0.90/conf/Catalina/localhost/mavenproject2.xml] has finished in [220] ms
25-Jun-2024 17:24:26.908 INFO [main] org.apache.catalina.startup.HostConfig.deployDirectory Desplegando el directorio [/home/abel/Escritorio/aprendiendo Spring/Learn-Spring/apache-tomcat-9.0.90/webapps/host-manager] de la aplicación web
25-Jun-2024 17:24:26.943 INFO [main] org.apache.jasper.servlet.TldScanner.scanJars Al menos un JAR, que se ha explorado buscando TLDs, aún no contenía TLDs. Activar historial de depuración para este historiador para una completa lista de los JARs que fueron explorados y de los que nos se halló TLDs. Saltarse JARs no necesarios durante la exploración puede dar lugar a una mejora de tiempo significativa en el arranque y compilación de JSP .
25-Jun-2024 17:24:26.947 INFO [main] org.apache.catalina.startup.HostConfig.deployDirectory Deployment of web application directory [/home/abel/Escritorio/aprendiendo Spring/Learn-Spring/apache-tomcat-9.0.90/webapps/host-manager] has finished in [39] ms
25-Jun-2024 17:24:26.947 INFO [main] org.apache.catalina.startup.HostConfig.deployDirectory Desplegando el directorio [/home/abel/Escritorio/aprendiendo Spring/Learn-Spring/apache-tomcat-9.0.90/webapps/ROOT] de la aplicación web
25-Jun-2024 17:24:26.974 INFO [main] org.apache.jasper.servlet.TldScanner.scanJars Al menos un JAR, que se ha explorado buscando TLDs, aún no contenía TLDs. Activar historial de depuración para este historiador para una completa lista de los JARs que fueron explorados y de los que nos se halló TLDs. Saltarse JARs no necesarios durante la exploración puede dar lugar a una mejora de tiempo significativa en el arranque y compilación de JSP .
25-Jun-2024 17:24:26.975 INFO [main] org.apache.catalina.startup.HostConfig.deployDirectory Deployment of web application directory [/home/abel/Escritorio/aprendiendo Spring/Learn-Spring/apache-tomcat-9.0.90/webapps/ROOT] has finished in [28] ms
25-Jun-2024 17:24:26.975 INFO [main] org.apache.catalina.startup.HostConfig.deployDirectory Desplegando el directorio [/home/abel/Escritorio/aprendiendo Spring/Learn-Spring/apache-tomcat-9.0.90/webapps/examples] de la aplicación web
25-Jun-2024 17:24:27.088 INFO [main] org.apache.jasper.servlet.TldScanner.scanJars Al menos un JAR, que se ha explorado buscando TLDs, aún no contenía TLDs. Activar historial de depuración para este historiador para una completa lista de los JARs que fueron explorados y de los que nos se halló TLDs. Saltarse JARs no necesarios durante la exploración puede dar lugar a una mejora de tiempo significativa en el arranque y compilación de JSP .
25-Jun-2024 17:24:27.107 INFO [main] org.apache.catalina.startup.HostConfig.deployDirectory Deployment of web application directory [/home/abel/Escritorio/aprendiendo Spring/Learn-Spring/apache-tomcat-9.0.90/webapps/examples] has finished in [132] ms
25-Jun-2024 17:24:27.108 INFO [main] org.apache.catalina.startup.HostConfig.deployDirectory Desplegando el directorio [/home/abel/Escritorio/aprendiendo Spring/Learn-Spring/apache-tomcat-9.0.90/webapps/manager] de la aplicación web
25-Jun-2024 17:24:27.135 INFO [main] org.apache.jasper.servlet.TldScanner.scanJars Al menos un JAR, que se ha explorado buscando TLDs, aún no contenía TLDs. Activar historial de depuración para este historiador para una completa lista de los JARs que fueron explorados y de los que nos se halló TLDs. Saltarse JARs no necesarios durante la exploración puede dar lugar a una mejora de tiempo significativa en el arranque y compilación de JSP .
25-Jun-2024 17:24:27.136 INFO [main] org.apache.catalina.startup.HostConfig.deployDirectory Deployment of web application directory [/home/abel/Escritorio/aprendiendo Spring/Learn-Spring/apache-tomcat-9.0.90/webapps/manager] has finished in [28] ms
25-Jun-2024 17:24:27.136 INFO [main] org.apache.catalina.startup.HostConfig.deployDirectory Desplegando el directorio [/home/abel/Escritorio/aprendiendo Spring/Learn-Spring/apache-tomcat-9.0.90/webapps/docs] de la aplicación web
25-Jun-2024 17:24:27.163 INFO [main] org.apache.jasper.servlet.TldScanner.scanJars Al menos un JAR, que se ha explorado buscando TLDs, aún no contenía TLDs. Activar historial de depuración para este historiador para una completa lista de los JARs que fueron explorados y de los que nos se halló TLDs. Saltarse JARs no necesarios durante la exploración puede dar lugar a una mejora de tiempo significativa en el arranque y compilación de JSP .
25-Jun-2024 17:24:27.165 INFO [main] org.apache.catalina.startup.HostConfig.deployDirectory Deployment of web application directory [/home/abel/Escritorio/aprendiendo Spring/Learn-Spring/apache-tomcat-9.0.90/webapps/docs] has finished in [28] ms
25-Jun-2024 17:24:27.167 INFO [main] org.apache.coyote.AbstractProtocol.start Starting ProtocolHandler ["http-nio-8080"]
25-Jun-2024 17:24:27.173 INFO [main] org.apache.catalina.startup.Catalina.start Server startup in [513] milliseconds
25-Jun-2024 17:34:35.094 INFO [http-nio-8080-exec-1] org.apache.catalina.startup.HostConfig.deployDescriptor Desplieque del descriptor de configuración [/home/abel/Escritorio/aprendiendo Spring/Learn-Spring/apache-tomcat-9.0.90/conf/Catalina/localhost/SpringMVC1.xml]
25-Jun-2024 17:34:35.095 WARNING [http-nio-8080-exec-1] org.apache.catalina.startup.HostConfig.deployDescriptor The path attribute with value [/SpringMVC1] in deployment descriptor [/home/abel/Escritorio/aprendiendo Spring/Learn-Spring/apache-tomcat-9.0.90/conf/Catalina/localhost/SpringMVC1.xml] has been ignored
25-Jun-2024 17:34:35.297 INFO [http-nio-8080-exec-1] org.apache.jasper.servlet.TldScanner.scanJars Al menos un JAR, que se ha explorado buscando TLDs, aún no contenía TLDs. Activar historial de depuración para este historiador para una completa lista de los JARs que fueron explorados y de los que nos se halló TLDs. Saltarse JARs no necesarios durante la exploración puede dar lugar a una mejora de tiempo significativa en el arranque y compilación de JSP .
25-Jun-2024 17:34:35.299 INFO [http-nio-8080-exec-1] org.apache.catalina.startup.HostConfig.deployDescriptor Deployment of deployment descriptor [/home/abel/Escritorio/aprendiendo Spring/Learn-Spring/apache-tomcat-9.0.90/conf/Catalina/localhost/SpringMVC1.xml] has finished in [205] ms
25-Jun-2024 17:34:35.307 INFO [http-nio-8080-exec-1] org.apache.catalina.util.LifecycleBase.start The start() method was called on component [StandardEngine[Catalina].StandardHost[localhost].StandardContext[/SpringMVC1]] after start() had already been called. The second call will be ignored.
25-Jun-2024 17:58:36.993 INFO [main] org.apache.catalina.core.StandardServer.await Se ha recibido un comando de apagado a través del puerto de apagado. Parando la instancia del Servidor.
25-Jun-2024 17:58:36.994 INFO [main] org.apache.coyote.AbstractProtocol.pause Pausing ProtocolHandler ["http-nio-8080"]
25-Jun-2024 17:58:36.995 INFO [main] org.apache.catalina.core.StandardService.stopInternal Parando servicio [Catalina]
25-Jun-2024 17:58:37.013 INFO [main] org.apache.coyote.AbstractProtocol.stop Stopping ProtocolHandler ["http-nio-8080"]
25-Jun-2024 17:58:37.017 INFO [main] org.apache.coyote.AbstractProtocol.destroy Destroying ProtocolHandler ["http-nio-8080"]
